This is pdfTeX, Version 3.141592653-2.6-1.40.24 (TeX Live 2022) (preloaded format=pdflatex 2023.3.2)  14 DEC 2023 03:10
entering extended mode
 restricted \write18 enabled.
 file:line:error style messages enabled.
 %&-line parsing enabled.
**/Users/zyle/Code/SingleLeggedWalker/paper/main.tex
(/Users/zyle/Code/SingleLeggedWalker/paper/main.tex
LaTeX2e <2021-11-15> patch level 1
L3 programming layer <2022-02-24> (/usr/local/texlive/2022/texmf-dist/tex/latex/base/article.cls
Document Class: article 2021/10/04 v1.4n Standard LaTeX document class
(/usr/local/texlive/2022/texmf-dist/tex/latex/base/size10.clo
File: size10.clo 2021/10/04 v1.4n Standard LaTeX file (size option)
)
\c@part=\count185
\c@section=\count186
\c@subsection=\count187
\c@subsubsection=\count188
\c@paragraph=\count189
\c@subparagraph=\count190
\c@figure=\count191
\c@table=\count192
\abovecaptionskip=\skip47
\belowcaptionskip=\skip48
\bibindent=\dimen138
) (/usr/local/texlive/2022/texmf-dist/tex/latex/graphics/graphicx.sty
Package: graphicx 2021/09/16 v1.2d Enhanced LaTeX Graphics (DPC,SPQR)
 (/usr/local/texlive/2022/texmf-dist/tex/latex/graphics/keyval.sty
Package: keyval 2014/10/28 v1.15 key=value parser (DPC)
\KV@toks@=\toks16
) (/usr/local/texlive/2022/texmf-dist/tex/latex/graphics/graphics.sty
Package: graphics 2021/03/04 v1.4d Standard LaTeX Graphics (DPC,SPQR)
 (/usr/local/texlive/2022/texmf-dist/tex/latex/graphics/trig.sty
Package: trig 2021/08/11 v1.11 sin cos tan (DPC)
) (/usr/local/texlive/2022/texmf-dist/tex/latex/graphics-cfg/graphics.cfg
File: graphics.cfg 2016/06/04 v1.11 sample graphics configuration
)
Package graphics Info: Driver file: pdftex.def on input line 107.
 (/usr/local/texlive/2022/texmf-dist/tex/latex/graphics-def/pdftex.def
File: pdftex.def 2020/10/05 v1.2a Graphics/color driver for pdftex
))
\Gin@req@height=\dimen139
\Gin@req@width=\dimen140
) (/usr/local/texlive/2022/texmf-dist/tex/latex/caption/subcaption.sty
Package: subcaption 2022/01/07 v1.5 Sub-captions (AR)
 (/usr/local/texlive/2022/texmf-dist/tex/latex/caption/caption.sty
Package: caption 2022/03/01 v3.6b Customizing captions (AR)
 (/usr/local/texlive/2022/texmf-dist/tex/latex/caption/caption3.sty
Package: caption3 2022/03/17 v2.3b caption3 kernel (AR)
\caption@tempdima=\dimen141
\captionmargin=\dimen142
\caption@leftmargin=\dimen143
\caption@rightmargin=\dimen144
\caption@width=\dimen145
\caption@indent=\dimen146
\caption@parindent=\dimen147
\caption@hangindent=\dimen148
Package caption Info: Standard document class detected.
)
\c@caption@flags=\count193
\c@continuedfloat=\count194
)
\c@subfigure=\count195
\c@subtable=\count196
) (/usr/local/texlive/2022/texmf-dist/tex/latex/amsmath/amsmath.sty
Package: amsmath 2021/10/15 v2.17l AMS math features
\@mathmargin=\skip49

For additional information on amsmath, use the `?' option.
(/usr/local/texlive/2022/texmf-dist/tex/latex/amsmath/amstext.sty
Package: amstext 2021/08/26 v2.01 AMS text
 (/usr/local/texlive/2022/texmf-dist/tex/latex/amsmath/amsgen.sty
File: amsgen.sty 1999/11/30 v2.0 generic functions
\@emptytoks=\toks17
\ex@=\dimen149
)) (/usr/local/texlive/2022/texmf-dist/tex/latex/amsmath/amsbsy.sty
Package: amsbsy 1999/11/29 v1.2d Bold Symbols
\pmbraise@=\dimen150
) (/usr/local/texlive/2022/texmf-dist/tex/latex/amsmath/amsopn.sty
Package: amsopn 2021/08/26 v2.02 operator names
)
\inf@bad=\count197
LaTeX Info: Redefining \frac on input line 234.
\uproot@=\count198
\leftroot@=\count199
LaTeX Info: Redefining \overline on input line 399.
\classnum@=\count266
\DOTSCASE@=\count267
LaTeX Info: Redefining \ldots on input line 496.
LaTeX Info: Redefining \dots on input line 499.
LaTeX Info: Redefining \cdots on input line 620.
\Mathstrutbox@=\box50
\strutbox@=\box51
\big@size=\dimen151
LaTeX Font Info:    Redeclaring font encoding OML on input line 743.
LaTeX Font Info:    Redeclaring font encoding OMS on input line 744.
\macc@depth=\count268
\c@MaxMatrixCols=\count269
\dotsspace@=\muskip16
\c@parentequation=\count270
\dspbrk@lvl=\count271
\tag@help=\toks18
\row@=\count272
\column@=\count273
\maxfields@=\count274
\andhelp@=\toks19
\eqnshift@=\dimen152
\alignsep@=\dimen153
\tagshift@=\dimen154
\tagwidth@=\dimen155
\totwidth@=\dimen156
\lineht@=\dimen157
\@envbody=\toks20
\multlinegap=\skip50
\multlinetaggap=\skip51
\mathdisplay@stack=\toks21
LaTeX Info: Redefining \[ on input line 2938.
LaTeX Info: Redefining \] on input line 2939.
) (/usr/local/texlive/2022/texmf-dist/tex/latex/geometry/geometry.sty
Package: geometry 2020/01/02 v5.9 Page Geometry
 (/usr/local/texlive/2022/texmf-dist/tex/generic/iftex/ifvtex.sty
Package: ifvtex 2019/10/25 v1.7 ifvtex legacy package. Use iftex instead.
 (/usr/local/texlive/2022/texmf-dist/tex/generic/iftex/iftex.sty
Package: iftex 2022/02/03 v1.0f TeX engine tests
))
\Gm@cnth=\count275
\Gm@cntv=\count276
\c@Gm@tempcnt=\count277
\Gm@bindingoffset=\dimen158
\Gm@wd@mp=\dimen159
\Gm@odd@mp=\dimen160
\Gm@even@mp=\dimen161
\Gm@layoutwidth=\dimen162
\Gm@layoutheight=\dimen163
\Gm@layouthoffset=\dimen164
\Gm@layoutvoffset=\dimen165
\Gm@dimlist=\toks22
) (/usr/local/texlive/2022/texmf-dist/tex/latex/l3backend/l3backend-pdftex.def
File: l3backend-pdftex.def 2022-02-07 L3 backend support: PDF output (pdfTeX)
\l__color_backend_stack_int=\count278
\l__pdf_internal_box=\box52
) (./main.aux)
\openout1 = `main.aux'.

LaTeX Font Info:    Checking defaults for OML/cmm/m/it on input line 15.
LaTeX Font Info:    ... okay on input line 15.
LaTeX Font Info:    Checking defaults for OMS/cmsy/m/n on input line 15.
LaTeX Font Info:    ... okay on input line 15.
LaTeX Font Info:    Checking defaults for OT1/cmr/m/n on input line 15.
LaTeX Font Info:    ... okay on input line 15.
LaTeX Font Info:    Checking defaults for T1/cmr/m/n on input line 15.
LaTeX Font Info:    ... okay on input line 15.
LaTeX Font Info:    Checking defaults for TS1/cmr/m/n on input line 15.
LaTeX Font Info:    ... okay on input line 15.
LaTeX Font Info:    Checking defaults for OMX/cmex/m/n on input line 15.
LaTeX Font Info:    ... okay on input line 15.
LaTeX Font Info:    Checking defaults for U/cmr/m/n on input line 15.
LaTeX Font Info:    ... okay on input line 15.
 (/usr/local/texlive/2022/texmf-dist/tex/context/base/mkii/supp-pdf.mkii
[Loading MPS to PDF converter (version 2006.09.02).]
\scratchcounter=\count279
\scratchdimen=\dimen166
\scratchbox=\box53
\nofMPsegments=\count280
\nofMParguments=\count281
\everyMPshowfont=\toks23
\MPscratchCnt=\count282
\MPscratchDim=\dimen167
\MPnumerator=\count283
\makeMPintoPDFobject=\count284
\everyMPtoPDFconversion=\toks24
) (/usr/local/texlive/2022/texmf-dist/tex/latex/epstopdf-pkg/epstopdf-base.sty
Package: epstopdf-base 2020-01-24 v2.11 Base part for package epstopdf
Package epstopdf-base Info: Redefining graphics rule for `.eps' on input line 485.
 (/usr/local/texlive/2022/texmf-dist/tex/latex/latexconfig/epstopdf-sys.cfg
File: epstopdf-sys.cfg 2010/07/13 v1.3 Configuration of (r)epstopdf for TeX Live
))
Package caption Info: Begin \AtBeginDocument code.
Package caption Info: End \AtBeginDocument code.

*geometry* driver: auto-detecting
*geometry* detected driver: pdftex
*geometry* verbose mode - [ preamble ] result:
* driver: pdftex
* paper: <default>
* layout: <same size as paper>
* layoutoffset:(h,v)=(0.0pt,0.0pt)
* modes: 
* h-part:(L,W,R)=(72.26999pt, 469.75502pt, 72.26999pt)
* v-part:(T,H,B)=(72.26999pt, 650.43001pt, 72.26999pt)
* \paperwidth=614.295pt
* \paperheight=794.96999pt
* \textwidth=469.75502pt
* \textheight=650.43001pt
* \oddsidemargin=0.0pt
* \evensidemargin=0.0pt
* \topmargin=-37.0pt
* \headheight=12.0pt
* \headsep=25.0pt
* \topskip=10.0pt
* \footskip=30.0pt
* \marginparwidth=65.0pt
* \marginparsep=11.0pt
* \columnsep=10.0pt
* \skip\footins=9.0pt plus 4.0pt minus 2.0pt
* \hoffset=0.0pt
* \voffset=0.0pt
* \mag=1000
* \@twocolumnfalse
* \@twosidefalse
* \@mparswitchfalse
* \@reversemarginfalse
* (1in=72.27pt=25.4mm, 1cm=28.453pt)

<../plots/leg.png, id=1, 359.3425pt x 544.0325pt>
File: ../plots/leg.png Graphic file (type png)
<use ../plots/leg.png>
Package pdftex.def Info: ../plots/leg.png  used on input line 36.
(pdftex.def)             Requested size: 122.13371pt x 184.90219pt.
<../plots/network1N.png, id=3, 572.1375pt x 733.74126pt>
File: ../plots/network1N.png Graphic file (type png)
<use ../plots/network1N.png>
Package pdftex.def Info: ../plots/network1N.png  used on input line 43.
(pdftex.def)             Requested size: 136.2258pt x 174.702pt.
<../plots/network2N.png, id=4, 825.0825pt x 762.85pt>
File: ../plots/network2N.png Graphic file (type png)
<use ../plots/network2N.png>
Package pdftex.def Info: ../plots/network2N.png  used on input line 50.
(pdftex.def)             Requested size: 192.60127pt x 178.07083pt.

Overfull \hbox (11.05138pt too wide) in paragraph at lines 58--59
\OT1/cmr/m/n/10 neu-rons to con-trol a single-legged walker, in-spired by Beer & Gal-lagher's 1992 model [[]].
 []

[1

{/usr/local/texlive/2022/texmf-var/fonts/map/pdftex/updmap/pdftex.map}] [2 <../plots/leg.png> <../plots/network1N.png> <../plots/network2N.png>]
Overfull \hbox (4.97476pt too wide) detected at line 95
[][] \OT1/cmr/m/n/10 = []\OML/cmm/m/it/10 o[]\OT1/cmr/m/n/10 (1 \OMS/cmsy/m/n/10 ^^@ \OML/cmm/m/it/10 o[]\OT1/cmr/m/n/10 ) []   \OML/cmm/m/it/10 w[]; w[] \OMS/cmsy/m/n/10 2 f^^@\OT1/cmr/m/n/10 1\OML/cmm/m/it/10 ; \OT1/cmr/m/n/10 0\OML/cmm/m/it/10 ; \OT1/cmr/m/n/10 1\OMS/cmsy/m/n/10 g\OML/cmm/m/it/10 ; i \OT1/cmr/m/n/10 = 1\OML/cmm/m/it/10 ; [] ; N:
 []

<../plots/scatter1.png, id=28, 361.35pt x 180.675pt>
File: ../plots/scatter1.png Graphic file (type png)
<use ../plots/scatter1.png>
Package pdftex.def Info: ../plots/scatter1.png  used on input line 109.
(pdftex.def)             Requested size: 234.8775pt x 117.4401pt.
<../plots/scatter1Working.png, id=29, 361.35pt x 180.675pt>
File: ../plots/scatter1Working.png Graphic file (type png)
<use ../plots/scatter1Working.png>
Package pdftex.def Info: ../plots/scatter1Working.png  used on input line 117.
(pdftex.def)             Requested size: 234.8775pt x 117.4401pt.
[3 <../plots/scatter1.png> <../plots/scatter1Working.png>]
<../plots/trajectory1comparison.png, id=37, 361.35pt x 180.675pt>
File: ../plots/trajectory1comparison.png Graphic file (type png)
<use ../plots/trajectory1comparison.png>
Package pdftex.def Info: ../plots/trajectory1comparison.png  used on input line 138.
(pdftex.def)             Requested size: 150.32504pt x 75.16342pt.
<../plots/angleTime1comparison.png, id=38, 361.35pt x 180.675pt>
File: ../plots/angleTime1comparison.png Graphic file (type png)
<use ../plots/angleTime1comparison.png>
Package pdftex.def Info: ../plots/angleTime1comparison.png  used on input line 145.
(pdftex.def)             Requested size: 150.32504pt x 75.16342pt.
<../plots/dist_compare.png, id=39, 361.35pt x 180.675pt>
File: ../plots/dist_compare.png Graphic file (type png)
<use ../plots/dist_compare.png>
Package pdftex.def Info: ../plots/dist_compare.png  used on input line 151.
(pdftex.def)             Requested size: 150.32504pt x 75.16342pt.
 [4 <../plots/trajectory1comparison.png> <../plots/angleTime1comparison.png> <../plots/dist_compare.png>]
<../plots/angleTime1_170.png, id=46, 361.35pt x 180.675pt>
File: ../plots/angleTime1_170.png Graphic file (type png)
<use ../plots/angleTime1_170.png>
Package pdftex.def Info: ../plots/angleTime1_170.png  used on input line 171.
(pdftex.def)             Requested size: 150.32504pt x 75.16342pt.
<../plots/angleTime1_170_LONG.png, id=47, 361.35pt x 180.675pt>
File: ../plots/angleTime1_170_LONG.png Graphic file (type png)
<use ../plots/angleTime1_170_LONG.png>
Package pdftex.def Info: ../plots/angleTime1_170_LONG.png  used on input line 178.
(pdftex.def)             Requested size: 150.32504pt x 75.16342pt.
<../plots/dist_170_LONG_X.png, id=48, 361.35pt x 180.675pt>
File: ../plots/dist_170_LONG_X.png Graphic file (type png)
<use ../plots/dist_170_LONG_X.png>
Package pdftex.def Info: ../plots/dist_170_LONG_X.png  used on input line 184.
(pdftex.def)             Requested size: 150.32504pt x 75.16342pt.
<../plots/scatter2.png, id=49, 361.35pt x 361.35pt>
File: ../plots/scatter2.png Graphic file (type png)
<use ../plots/scatter2.png>
Package pdftex.def Info: ../plots/scatter2.png  used on input line 202.
(pdftex.def)             Requested size: 234.8775pt x 234.88023pt.
<../plots/scatter2WorkingPattern.png, id=50, 361.35pt x 361.35pt>
File: ../plots/scatter2WorkingPattern.png Graphic file (type png)
<use ../plots/scatter2WorkingPattern.png>
Package pdftex.def Info: ../plots/scatter2WorkingPattern.png  used on input line 210.
(pdftex.def)             Requested size: 234.8775pt x 234.88023pt.
 [5 <../plots/angleTime1_170.png> <../plots/angleTime1_170_LONG.png> <../plots/dist_170_LONG_X.png> <../plots/scatter2.png> <../plots/scatter2WorkingPattern.png>]
<../plots/trajectory2_224_18.png, id=59, 433.62pt x 433.62pt>
File: ../plots/trajectory2_224_18.png Graphic file (type png)
<use ../plots/trajectory2_224_18.png>
Package pdftex.def Info: ../plots/trajectory2_224_18.png  used on input line 250.
(pdftex.def)             Requested size: 234.8775pt x 234.87912pt.
<../plots/angleTime2_224_18.png, id=60, 361.35pt x 361.35pt>
File: ../plots/angleTime2_224_18.png Graphic file (type png)
<use ../plots/angleTime2_224_18.png>
Package pdftex.def Info: ../plots/angleTime2_224_18.png  used on input line 258.
(pdftex.def)             Requested size: 234.8775pt x 234.88023pt.
<../plots/angleTime2_224_18_Foot.png, id=61, 433.62pt x 289.08pt>
File: ../plots/angleTime2_224_18_Foot.png Graphic file (type png)
<use ../plots/angleTime2_224_18_Foot.png>
Package pdftex.def Info: ../plots/angleTime2_224_18_Foot.png  used on input line 272.
(pdftex.def)             Requested size: 375.80544pt x 250.5492pt.
<../plots/trajectory2_126_116.png, id=62, 433.62pt x 433.62pt>
File: ../plots/trajectory2_126_116.png Graphic file (type png)
<use ../plots/trajectory2_126_116.png>
Package pdftex.def Info: ../plots/trajectory2_126_116.png  used on input line 282.
(pdftex.def)             Requested size: 234.8775pt x 234.87912pt.
<../plots/angleTime2_126_116.png, id=63, 361.35pt x 361.35pt>
File: ../plots/angleTime2_126_116.png Graphic file (type png)
<use ../plots/angleTime2_126_116.png>
Package pdftex.def Info: ../plots/angleTime2_126_116.png  used on input line 290.
(pdftex.def)             Requested size: 234.8775pt x 234.88023pt.
<../plots/trajectory2_233_22.png, id=64, 433.62pt x 433.62pt>
File: ../plots/trajectory2_233_22.png Graphic file (type png)
<use ../plots/trajectory2_233_22.png>
Package pdftex.def Info: ../plots/trajectory2_233_22.png  used on input line 305.
(pdftex.def)             Requested size: 234.8775pt x 234.87912pt.
<../plots/angleTime2_233_22.png, id=65, 361.35pt x 361.35pt>
File: ../plots/angleTime2_233_22.png Graphic file (type png)
<use ../plots/angleTime2_233_22.png>
Package pdftex.def Info: ../plots/angleTime2_233_22.png  used on input line 313.
(pdftex.def)             Requested size: 234.8775pt x 234.88023pt.
 [6] [7 <../plots/trajectory2_224_18.png> <../plots/angleTime2_224_18.png> <../plots/angleTime2_224_18_Foot.png>] [8 <../plots/trajectory2_126_116.png> <../plots/angleTime2_126_116.png> <../plots/trajectory2_233_22.png> <../plots/angleTime2_233_22.png>]
Overfull \hbox (39.54797pt too wide) in paragraph at lines 339--340
\OT1/cmr/m/n/10 All code used in this project is avail-able at \OT1/cmtt/m/n/10 https://github.com/Zach-Attach/SingleLeggedWalker/tree/pairing\OT1/cmr/m/n/10 . 
 []

[9] (./main.bbl) [10] (./main.aux) ) 
Here is how much of TeX's memory you used:
 4183 strings out of 478268
 72667 string characters out of 5846348
 376529 words of memory out of 5000000
 22361 multiletter control sequences out of 15000+600000
 475790 words of font info for 51 fonts, out of 8000000 for 9000
 1141 hyphenation exceptions out of 8191
 67i,9n,77p,2151b,498s stack positions out of 10000i,1000n,20000p,200000b,200000s
{/usr/local/texlive/2022/texmf-dist/fonts/enc/dvips/cm-super/cm-super-ts1.enc}</usr/local/texlive/2022/texmf-dist/fonts/type1/public/amsfonts/cm/cmbx10.pfb></usr/local/texlive/2022/texmf-dist/fonts/type1/public/amsfonts/cm/cmbx12.pfb></usr/local/texlive/2022/texmf-dist/fonts/type1/public/amsfonts/cm/cmex10.pfb></usr/local/texlive/2022/texmf-dist/fonts/type1/public/amsfonts/cm/cmmi10.pfb></usr/local/texlive/2022/texmf-dist/fonts/type1/public/amsfonts/cm/cmmi5.pfb></usr/local/texlive/2022/texmf-dist/fonts/type1/public/amsfonts/cm/cmmi7.pfb></usr/local/texlive/2022/texmf-dist/fonts/type1/public/amsfonts/cm/cmr10.pfb></usr/local/texlive/2022/texmf-dist/fonts/type1/public/amsfonts/cm/cmr12.pfb></usr/local/texlive/2022/texmf-dist/fonts/type1/public/amsfonts/cm/cmr17.pfb></usr/local/texlive/2022/texmf-dist/fonts/type1/public/amsfonts/cm/cmr7.pfb></usr/local/texlive/2022/texmf-dist/fonts/type1/public/amsfonts/cm/cmr9.pfb></usr/local/texlive/2022/texmf-dist/fonts/type1/public/amsfonts/cm/cmsy10.pfb></usr/local/texlive/2022/texmf-dist/fonts/type1/public/amsfonts/cm/cmsy7.pfb></usr/local/texlive/2022/texmf-dist/fonts/type1/public/amsfonts/cm/cmti10.pfb></usr/local/texlive/2022/texmf-dist/fonts/type1/public/amsfonts/cm/cmtt10.pfb></usr/local/texlive/2022/texmf-dist/fonts/type1/public/cm-super/sfrm1000.pfb>
Output written on main.pdf (10 pages, 3408377 bytes).
PDF statistics:
 159 PDF objects out of 1000 (max. 8388607)
 74 compressed objects within 1 object stream
 0 named destinations out of 1000 (max. 500000)
 101 words of extra memory for PDF output out of 10000 (max. 10000000)

